<?xml version="1.0" encoding="UTF-8"?>
<testsuite name="com.valandro.contract.exception.ApiExceptionTest" tests="7" skipped="0" failures="0" errors="0" timestamp="2019-02-23T00:57:42" hostname="MacBook-Air-de-Lucas.local" time="0.007">
  <properties/>
  <testcase name="equals" classname="com.valandro.contract.exception.ApiExceptionTest" time="0.001"/>
  <testcase name="test_constructor_with_args" classname="com.valandro.contract.exception.ApiExceptionTest" time="0.0"/>
  <testcase name="test_builder" classname="com.valandro.contract.exception.ApiExceptionTest" time="0.002"/>
  <testcase name="test_build_to_string" classname="com.valandro.contract.exception.ApiExceptionTest" time="0.001"/>
  <testcase name="construcor" classname="com.valandro.contract.exception.ApiExceptionTest" time="0.0"/>
  <testcase name="hash_code" classname="com.valandro.contract.exception.ApiExceptionTest" time="0.001"/>
  <testcase name="can_equal" classname="com.valandro.contract.exception.ApiExceptionTest" time="0.0"/>
  <system-out><![CDATA[]]></system-out>
  <system-err><![CDATA[]]></system-err>
</testsuite>
