<?xml version="1.0" encoding="UTF-8"?>
<testsuite name="com.valandro.impl.exception.ImplExceptionTest" tests="7" skipped="0" failures="0" errors="0" timestamp="2019-02-23T00:57:45" hostname="MacBook-Air-de-Lucas.local" time="0.055">
  <properties/>
  <testcase name="equals" classname="com.valandro.impl.exception.ImplExceptionTest" time="0.001"/>
  <testcase name="test_constructor_with_args" classname="com.valandro.impl.exception.ImplExceptionTest" time="0.004"/>
  <testcase name="test_builder" classname="com.valandro.impl.exception.ImplExceptionTest" time="0.001"/>
  <testcase name="test_build_to_string" classname="com.valandro.impl.exception.ImplExceptionTest" time="0.044"/>
  <testcase name="construcor" classname="com.valandro.impl.exception.ImplExceptionTest" time="0.001"/>
  <testcase name="hash_code" classname="com.valandro.impl.exception.ImplExceptionTest" time="0.001"/>
  <testcase name="can_equal" classname="com.valandro.impl.exception.ImplExceptionTest" time="0.001"/>
  <system-out><![CDATA[]]></system-out>
  <system-err><![CDATA[]]></system-err>
</testsuite>
